cuda:1
Namespace(withAug=True, AugDirect=20, method_name='GAT', seed=100, IsDirectedData=False, dataset='WebKB/texas', undirect_dataset='Cora', MakeImbalance=True, CustomizeMask=False, K=2, heads=8, log_root='../logs/', log_path='test', data_path='../dataset/data/tmp/', epochs=1500, num_filter=2, p_q=0.95, p_inter=0.1, dropout=0.0, debug=False, new_setting=False, layer=2, lr=0.005, l2=0.0005, to_undirected=False, alpha=0.1, randomseed=-1, imb_ratio=100, n_layer=2, feat_dim=64, warmup=5, epoch=900, tau=2, max=False, no_mask=False, gdc='ppr')
excel_file_path is  TrueAug_GAT_Cora_output.xlsx
12-04-19:38:07
Dataset is  Cora() 
Chosen from DirectedData:  False
Num of bidrected edges: 5278, total num of edges: 10556
This is directed graph:  False
data_x torch.Size([2708, 1433])
cuda:1
0
mu  cpu cpu
StandGAT2(
  (conv1): GATConv(1433, 16, heads=4)
  (conv2): GATConv(64, 7, heads=1)
)
cuda:1
Epoch:0, test_Acc: 35.90, test_bacc: 19.14, test_f1: 15.47
Epoch:1, test_Acc: 35.90, test_bacc: 19.14, test_f1: 15.47
Epoch:2, test_Acc: 35.90, test_bacc: 19.14, test_f1: 15.47
Epoch:3, test_Acc: 35.90, test_bacc: 19.14, test_f1: 15.47
Epoch:4, test_Acc: 35.90, test_bacc: 19.14, test_f1: 15.47
Epoch:5, test_Acc: 35.90, test_bacc: 19.14, test_f1: 15.47
Epoch:6, test_Acc: 35.90, test_bacc: 19.14, test_f1: 15.47
Epoch:7, test_Acc: 35.90, test_bacc: 19.14, test_f1: 15.47
Epoch:8, test_Acc: 35.90, test_bacc: 19.14, test_f1: 15.47
Epoch:9, test_Acc: 35.90, test_bacc: 19.14, test_f1: 15.47
Epoch:10, test_Acc: 35.90, test_bacc: 19.14, test_f1: 15.47
Epoch:11, test_Acc: 35.90, test_bacc: 19.14, test_f1: 15.47
Epoch:12, test_Acc: 35.90, test_bacc: 19.14, test_f1: 15.47
Epoch:13, test_Acc: 35.90, test_bacc: 19.14, test_f1: 15.47
Epoch:14, test_Acc: 35.90, test_bacc: 19.14, test_f1: 15.47
Epoch:15, test_Acc: 35.90, test_bacc: 19.14, test_f1: 15.47
Epoch:16, test_Acc: 35.90, test_bacc: 19.14, test_f1: 15.47
Epoch:17, test_Acc: 35.90, test_bacc: 19.14, test_f1: 15.47
Epoch:18, test_Acc: 35.90, test_bacc: 19.14, test_f1: 15.47
Epoch:19, test_Acc: 35.90, test_bacc: 19.14, test_f1: 15.47
Epoch:20, test_Acc: 35.90, test_bacc: 19.14, test_f1: 15.47
Epoch:21, test_Acc: 35.90, test_bacc: 19.14, test_f1: 15.47
Epoch:22, test_Acc: 35.90, test_bacc: 19.14, test_f1: 15.47
Epoch:23, test_Acc: 35.90, test_bacc: 19.14, test_f1: 15.47
Epoch:24, test_Acc: 35.90, test_bacc: 19.14, test_f1: 15.47
Epoch:25, test_Acc: 35.90, test_bacc: 19.14, test_f1: 15.47
Epoch:26, test_Acc: 35.90, test_bacc: 19.14, test_f1: 15.47
Epoch:27, test_Acc: 35.90, test_bacc: 19.14, test_f1: 15.47
Epoch:28, test_Acc: 35.90, test_bacc: 19.14, test_f1: 15.47
Epoch:29, test_Acc: 35.90, test_bacc: 19.14, test_f1: 15.47
Epoch:30, test_Acc: 35.90, test_bacc: 19.14, test_f1: 15.47
Epoch:31, test_Acc: 35.90, test_bacc: 19.14, test_f1: 15.47
Epoch:32, test_Acc: 35.90, test_bacc: 19.14, test_f1: 15.47
Epoch:33, test_Acc: 35.90, test_bacc: 19.14, test_f1: 15.47
Epoch:34, test_Acc: 35.90, test_bacc: 19.14, test_f1: 15.47
Epoch:35, test_Acc: 40.60, test_bacc: 22.91, test_f1: 18.19
Epoch:36, test_Acc: 42.30, test_bacc: 24.60, test_f1: 19.48
Epoch:37, test_Acc: 43.40, test_bacc: 25.69, test_f1: 20.26
Epoch:38, test_Acc: 43.80, test_bacc: 26.09, test_f1: 20.36
Epoch:39, test_Acc: 43.80, test_bacc: 26.09, test_f1: 20.24
Epoch:40, test_Acc: 44.20, test_bacc: 26.48, test_f1: 20.43
Epoch:41, test_Acc: 44.20, test_bacc: 26.48, test_f1: 20.31
Epoch:42, test_Acc: 44.20, test_bacc: 26.48, test_f1: 20.31
Epoch:43, test_Acc: 44.20, test_bacc: 26.48, test_f1: 20.31
Epoch:44, test_Acc: 44.30, test_bacc: 26.58, test_f1: 20.34
Epoch:45, test_Acc: 44.20, test_bacc: 26.54, test_f1: 20.28
Epoch:46, test_Acc: 44.20, test_bacc: 26.54, test_f1: 20.28
Epoch:47, test_Acc: 44.20, test_bacc: 26.54, test_f1: 20.28
Epoch:48, test_Acc: 44.20, test_bacc: 26.54, test_f1: 20.28
Epoch:49, test_Acc: 44.20, test_bacc: 26.54, test_f1: 20.28
Epoch:50, test_Acc: 44.20, test_bacc: 26.54, test_f1: 20.28
Epoch:51, test_Acc: 44.20, test_bacc: 26.54, test_f1: 20.28
Epoch:52, test_Acc: 44.30, test_bacc: 26.69, test_f1: 20.31
Epoch:53, test_Acc: 44.30, test_bacc: 26.69, test_f1: 20.31
Epoch:54, test_Acc: 44.30, test_bacc: 26.69, test_f1: 20.31
Epoch:55, test_Acc: 44.50, test_bacc: 26.94, test_f1: 20.50
Epoch:56, test_Acc: 44.50, test_bacc: 26.94, test_f1: 20.50
Epoch:57, test_Acc: 44.50, test_bacc: 26.94, test_f1: 20.50
Epoch:58, test_Acc: 45.40, test_bacc: 27.81, test_f1: 21.91
Epoch:59, test_Acc: 45.40, test_bacc: 27.81, test_f1: 21.91
Epoch:60, test_Acc: 45.90, test_bacc: 28.34, test_f1: 22.83
Epoch:61, test_Acc: 46.20, test_bacc: 28.63, test_f1: 23.32
Epoch:62, test_Acc: 46.60, test_bacc: 29.12, test_f1: 24.03
Epoch:63, test_Acc: 47.00, test_bacc: 29.51, test_f1: 24.53
Epoch:64, test_Acc: 47.60, test_bacc: 30.08, test_f1: 25.35
Epoch:65, test_Acc: 48.10, test_bacc: 30.56, test_f1: 25.98
Epoch:66, test_Acc: 48.20, test_bacc: 30.71, test_f1: 26.17
Epoch:67, test_Acc: 48.50, test_bacc: 31.00, test_f1: 26.55
Epoch:68, test_Acc: 48.90, test_bacc: 31.38, test_f1: 27.03
Epoch:69, test_Acc: 48.90, test_bacc: 31.38, test_f1: 27.03
Epoch:70, test_Acc: 48.90, test_bacc: 31.38, test_f1: 27.03
Epoch:71, test_Acc: 49.10, test_bacc: 31.62, test_f1: 27.29
Epoch:72, test_Acc: 49.20, test_bacc: 31.72, test_f1: 27.41
Epoch:73, test_Acc: 49.30, test_bacc: 31.81, test_f1: 27.56
Epoch:74, test_Acc: 49.50, test_bacc: 32.00, test_f1: 27.79
Epoch:75, test_Acc: 49.50, test_bacc: 32.00, test_f1: 27.79
Epoch:76, test_Acc: 49.50, test_bacc: 32.00, test_f1: 27.79
Epoch:77, test_Acc: 49.90, test_bacc: 32.33, test_f1: 28.10
Epoch:78, test_Acc: 50.40, test_bacc: 32.86, test_f1: 28.56
Epoch:79, test_Acc: 50.50, test_bacc: 32.97, test_f1: 28.72
Epoch:80, test_Acc: 50.90, test_bacc: 33.37, test_f1: 29.22
Epoch:81, test_Acc: 51.10, test_bacc: 33.57, test_f1: 29.23
Epoch:82, test_Acc: 51.10, test_bacc: 33.57, test_f1: 29.23
Epoch:83, test_Acc: 51.60, test_bacc: 34.06, test_f1: 29.68
Epoch:84, test_Acc: 52.00, test_bacc: 34.49, test_f1: 30.32
Epoch:85, test_Acc: 52.00, test_bacc: 34.49, test_f1: 30.26
Epoch:86, test_Acc: 52.10, test_bacc: 34.60, test_f1: 30.46
Epoch:87, test_Acc: 52.20, test_bacc: 34.64, test_f1: 30.46
Epoch:88, test_Acc: 52.20, test_bacc: 34.64, test_f1: 30.46
Epoch:89, test_Acc: 52.20, test_bacc: 34.64, test_f1: 30.46
Epoch:90, test_Acc: 52.20, test_bacc: 34.64, test_f1: 30.46
Epoch:91, test_Acc: 52.20, test_bacc: 34.64, test_f1: 30.46
Epoch:92, test_Acc: 52.60, test_bacc: 35.04, test_f1: 31.60
Epoch:93, test_Acc: 53.00, test_bacc: 35.49, test_f1: 32.32
Epoch:94, test_Acc: 53.40, test_bacc: 35.93, test_f1: 32.97
Epoch:95, test_Acc: 53.70, test_bacc: 36.26, test_f1: 33.38
Epoch:96, test_Acc: 54.60, test_bacc: 37.15, test_f1: 34.20
Epoch:97, test_Acc: 54.60, test_bacc: 37.15, test_f1: 34.20
Epoch:98, test_Acc: 55.10, test_bacc: 37.70, test_f1: 34.43
Epoch:99, test_Acc: 55.40, test_bacc: 37.99, test_f1: 34.48
Epoch:100, test_Acc: 55.60, test_bacc: 38.33, test_f1: 34.80
Epoch:101, test_Acc: 55.80, test_bacc: 38.62, test_f1: 35.16
Epoch:102, test_Acc: 56.00, test_bacc: 38.86, test_f1: 35.48
Epoch:103, test_Acc: 56.10, test_bacc: 38.96, test_f1: 35.56
Epoch:104, test_Acc: 56.10, test_bacc: 38.96, test_f1: 35.56
Epoch:105, test_Acc: 56.10, test_bacc: 38.96, test_f1: 35.56
Epoch:106, test_Acc: 56.80, test_bacc: 39.88, test_f1: 37.24
Epoch:107, test_Acc: 56.90, test_bacc: 39.99, test_f1: 37.39
Epoch:108, test_Acc: 56.90, test_bacc: 39.99, test_f1: 37.39
Epoch:109, test_Acc: 57.30, test_bacc: 40.61, test_f1: 38.35
Epoch:110, test_Acc: 57.30, test_bacc: 40.61, test_f1: 38.38
Epoch:111, test_Acc: 57.60, test_bacc: 40.86, test_f1: 38.66
Epoch:112, test_Acc: 58.00, test_bacc: 41.30, test_f1: 39.11
Epoch:113, test_Acc: 58.80, test_bacc: 42.20, test_f1: 39.94
Epoch:114, test_Acc: 59.50, test_bacc: 43.06, test_f1: 41.00
Epoch:115, test_Acc: 59.70, test_bacc: 43.27, test_f1: 41.11
Traceback (most recent call last):
  File "/home/qj2004/magnet/src/GNNChangeTrainTest.py", line 468, in main
    existing_data2 = df2
  File "/home/qj2004/.conda/envs/myenv/lib/python3.10/site-packages/openpyxl/reader/excel.py", line 344, in load_workbook
    reader = ExcelReader(filename, read_only, keep_vba,
  File "/home/qj2004/.conda/envs/myenv/lib/python3.10/site-packages/openpyxl/reader/excel.py", line 123, in __init__
    self.archive = _validate_archive(fn)
  File "/home/qj2004/.conda/envs/myenv/lib/python3.10/site-packages/openpyxl/reader/excel.py", line 95, in _validate_archive
    archive = ZipFile(filename, 'r')
  File "/home/qj2004/.conda/envs/myenv/lib/python3.10/zipfile.py", line 1251, in __init__
    self.fp = io.open(file, filemode)
FileNotFoundError: [Errno 2] No such file or directory: 'TrueAug_GAT_Cora_output.xlsx'

During handling of the above exception, another exception occurred:

Traceback (most recent call last):
  File "/home/qj2004/magnet/src/GNNChangeTrainTest.py", line 589, in <module>
    int(args.num_filter)) + 'alpha' + str(int(100 * args.alpha)) + 'layer' + str(
  File "/home/qj2004/magnet/src/GNNChangeTrainTest.py", line 473, in main
    current_directory = os.getcwd()
  File "/home/qj2004/.conda/envs/myenv/lib/python3.10/site-packages/openpyxl/reader/excel.py", line 346, in load_workbook
    reader.read()
  File "/home/qj2004/.conda/envs/myenv/lib/python3.10/site-packages/openpyxl/reader/excel.py", line 301, in read
    self.read_worksheets()
  File "/home/qj2004/.conda/envs/myenv/lib/python3.10/site-packages/openpyxl/reader/excel.py", line 237, in read_worksheets
    ws_parser.bind_all()
  File "/home/qj2004/.conda/envs/myenv/lib/python3.10/site-packages/openpyxl/worksheet/_reader.py", line 465, in bind_all
    self.bind_cells()
  File "/home/qj2004/.conda/envs/myenv/lib/python3.10/site-packages/openpyxl/worksheet/_reader.py", line 368, in bind_cells
    for idx, row in self.parser.parse():
  File "/home/qj2004/.conda/envs/myenv/lib/python3.10/site-packages/openpyxl/worksheet/_reader.py", line 156, in parse
    for _, element in it:
  File "/home/qj2004/.conda/envs/myenv/lib/python3.10/xml/etree/ElementTree.py", line 1255, in iterator
    data = source.read(16 * 1024)
  File "/home/qj2004/.conda/envs/myenv/lib/python3.10/zipfile.py", line 927, in read
    data = self._read1(n)
  File "/home/qj2004/.conda/envs/myenv/lib/python3.10/zipfile.py", line 1017, in _read1
    self._update_crc(data)
  File "/home/qj2004/.conda/envs/myenv/lib/python3.10/zipfile.py", line 945, in _update_crc
    raise BadZipFile("Bad CRC-32 for file %r" % self.name)
zipfile.BadZipFile: Bad CRC-32 for file 'xl/worksheets/sheet2.xml'
